Списки пакетов:
 100 /var/lib/dpkg/status
     release a=now
 500 file:/root/localrepo ./ Packages
     release v=1.0,o=is-linux-y26,a=stable,n=myrepo,l=danya,c=
 500 http://deb.debian.org/debian bookworm-updates/non-free-firmware amd64 Packages
     release v=12-updates,o=Debian,a=stable-updates,n=bookworm-updates,l=Debian,c=non-free-firmware,b=amd64
     origin deb.debian.org
 500 http://deb.debian.org/debian bookworm-updates/main amd64 Packages
     release v=12-updates,o=Debian,a=stable-updates,n=bookworm-updates,l=Debian,c=main,b=amd64
     origin deb.debian.org
 500 http://security.debian.org/debian-security bookworm-security/non-free-firmware amd64 Packages
     release v=12,o=Debian,a=stable-security,n=bookworm-security,l=Debian-Security,c=non-free-firmware,b=amd64
     origin security.debian.org
 500 http://security.debian.org/debian-security bookworm-security/main amd64 Packages
     release v=12,o=Debian,a=stable-security,n=bookworm-security,l=Debian-Security,c=main,b=amd64
     origin security.debian.org
 500 http://deb.debian.org/debian bookworm/non-free-firmware amd64 Packages
     release v=12.9,o=Debian,a=stable,n=bookworm,l=Debian,c=non-free-firmware,b=amd64
     origin deb.debian.org
 500 http://deb.debian.org/debian bookworm/main amd64 Packages
     release v=12.9,o=Debian,a=stable,n=bookworm,l=Debian,c=main,b=amd64
     origin deb.debian.org
Привязанные пакеты:
