Вывод списка…
adduser/stable,now 3.134 all [установлен]
alsa-topology-conf/stable,now 1.2.5.1-2 all [установлен, автоматически]
alsa-ucm-conf/stable,now 1.2.8-1 all [установлен, автоматически]
amd64-microcode/stable,now 3.20240820.1~deb12u1 amd64 [установлен]
anacron/stable,now 2.3-36 amd64 [установлен, автоматически]
apparmor/stable,now 3.0.8-3 amd64 [установлен, автоматически]
apt-listchanges/stable,now 3.24 all [установлен]
apt-utils/stable,now 2.6.1 amd64 [установлен]
apt/stable,now 2.6.1 amd64 [установлен]
aspell-ru/stable,now 0.99g5-29 all [установлен, автоматически]
aspell/stable,now 0.60.8-4+b1 amd64 [установлен, автоматически]
autoconf/stable,now 2.71-3 all [установлен, автоматически]
automake/stable,now 1:1.16.5-1.3 all [установлен, автоматически]
autotools-dev/stable,now 20220109.1 all [установлен, автоматически]
avahi-autoipd/stable,now 0.8-10+deb12u1 amd64 [установлен, автоматически]
base-files/stable,now 12.4+deb12u9 amd64 [установлен]
base-passwd/stable,now 3.6.1 amd64 [установлен]
bash-completion/stable,now 1:2.11-6 all [установлен]
bash/stable,now 5.2.15-2+b7 amd64 [установлен]
bind9-dnsutils/stable-security,now 1:9.18.33-1~deb12u2 amd64 [установлен]
bind9-host/stable-security,now 1:9.18.33-1~deb12u2 amd64 [установлен]
bind9-libs/stable-security,now 1:9.18.33-1~deb12u2 amd64 [установлен, автоматически]
binutils-common/stable,now 2.40-2 amd64 [установлен, автоматически]
binutils-x86-64-linux-gnu/stable,now 2.40-2 amd64 [установлен, автоматически]
binutils/stable,now 2.40-2 amd64 [установлен, автоматически]
bluetooth/stable,now 5.66-1+deb12u2 all [установлен, автоматически]
bluez/stable,now 5.66-1+deb12u2 amd64 [установлен, автоматически]
bsdextrautils/stable,now 2.38.1-5+deb12u3 amd64 [установлен, автоматически]
bsdutils/stable,now 1:2.38.1-5+deb12u3 amd64 [установлен]
build-essential/stable,now 12.9 amd64 [установлен]
busybox/stable,now 1:1.35.0-4+b3 amd64 [установлен]
bzip2/stable,now 1.0.8-5+b1 amd64 [установлен]
ca-certificates/stable,now 20230311 all [установлен]
console-setup-linux/stable,now 1.221 all [установлен, автоматически]
console-setup/stable,now 1.221 all [установлен]
coreutils/stable,now 9.1-1 amd64 [установлен]
cpio/stable,now 2.13+dfsg-7.1 amd64 [установлен]
cpp-12/stable,now 12.2.0-14 amd64 [установлен, автоматически]
cpp/stable,now 4:12.2.0-3 amd64 [установлен, автоматически]
cron-daemon-common/stable,now 3.0pl1-162 all [установлен]
cron/stable,now 3.0pl1-162 amd64 [установлен]
dash/stable,now 0.5.12-2 amd64 [установлен]
dbus-bin/stable,now 1.14.10-1~deb12u1 amd64 [установлен, автоматически]
dbus-daemon/stable,now 1.14.10-1~deb12u1 amd64 [установлен, автоматически]
dbus-session-bus-common/stable,now 1.14.10-1~deb12u1 all [установлен, автоматически]
dbus-system-bus-common/stable,now 1.14.10-1~deb12u1 all [установлен, автоматически]
dbus-user-session/stable,now 1.14.10-1~deb12u1 amd64 [установлен, автоматически]
dbus/stable,now 1.14.10-1~deb12u1 amd64 [установлен]
debconf-i18n/stable,now 1.5.82 all [установлен]
debconf/stable,now 1.5.82 all [установлен]
debian-archive-keyring/stable,now 2023.3+deb12u1 all [установлен]
debian-faq/stable,now 11.1 all [установлен]
debianutils/stable,now 5.7-0.5~deb12u1 amd64 [установлен]
dictionaries-common/stable,now 1.29.5 all [установлен, автоматически]
diffutils/stable,now 1:3.8-4 amd64 [установлен]
dirmngr/stable,now 2.2.40-1.1 amd64 [установлен, автоматически]
discover-data/stable,now 2.2013.01.13 all [установлен, автоматически]
discover/stable,now 2.1.2-10 amd64 [установлен]
distro-info-data/stable,now 0.58+deb12u3 all [установлен, автоматически]
dmidecode/stable,now 3.4-1 amd64 [установлен]
dmsetup/stable,now 2:1.02.185-2 amd64 [установлен]
doc-debian/stable,now 11.3+nmu1 all [установлен]
dpkg-dev/stable,now 1.21.22 all [установлен, автоматически]
dpkg/stable,now 1.21.22 amd64 [установлен]
e2fsprogs/stable,now 1.47.0-2 amd64 [установлен]
eject/stable,now 2.38.1-5+deb12u3 amd64 [установлен]
emacsen-common/stable,now 3.0.5 all [установлен, автоматически]
fakeroot/stable,now 1.31-1.2 amd64 [установлен, автоматически]
fdisk/stable,now 2.38.1-5+deb12u3 amd64 [установлен]
file/stable,now 1:5.44-3 amd64 [установлен]
findutils/stable,now 4.9.0-4 amd64 [установлен]
firmware-linux-free/stable,now 20200122-1 all [установлен, автоматически]
fontconfig-config/stable,now 2.14.1-4 amd64 [установлен, автоматически]
fonts-dejavu-core/stable,now 2.37-6 all [установлен, автоматически]
g++-12/stable,now 12.2.0-14 amd64 [установлен, автоматически]
g++/stable,now 4:12.2.0-3 amd64 [установлен, автоматически]
gcc-12-base/stable,now 12.2.0-14 amd64 [установлен]
gcc-12/stable,now 12.2.0-14 amd64 [установлен, автоматически]
gcc/stable,now 4:12.2.0-3 amd64 [установлен, автоматически]
gettext-base/stable,now 0.21-12 amd64 [установлен]
gfortran-12/stable,now 12.2.0-14 amd64 [установлен, автоматически]
gfortran/stable,now 4:12.2.0-3 amd64 [установлен, автоматически]
git-man/stable-security,now 1:2.39.5-0+deb12u2 all [установлен, автоматически]
git/stable-security,now 1:2.39.5-0+deb12u2 amd64 [установлен]
gnupg-l10n/stable,now 2.2.40-1.1 all [установлен, автоматически]
gnupg-utils/stable,now 2.2.40-1.1 amd64 [установлен, автоматически]
gnupg/stable,now 2.2.40-1.1 all [установлен, автоматически]
gpg-agent/stable,now 2.2.40-1.1 amd64 [установлен, автоматически]
gpg-wks-client/stable,now 2.2.40-1.1 amd64 [установлен, автоматически]
gpg-wks-server/stable,now 2.2.40-1.1 amd64 [установлен, автоматически]
gpg/stable,now 2.2.40-1.1 amd64 [установлен, автоматически]
gpgconf/stable,now 2.2.40-1.1 amd64 [установлен, автоматически]
gpgsm/stable,now 2.2.40-1.1 amd64 [установлен, автоматически]
gpgv/stable,now 2.2.40-1.1 amd64 [установлен]
grep/stable,now 3.8-5 amd64 [установлен]
groff-base/stable,now 1.22.4-10 amd64 [установлен]
grub-common/stable,stable-security,now 2.06-13+deb12u1 amd64 [установлен]
grub-pc-bin/stable,stable-security,now 2.06-13+deb12u1 amd64 [установлен, автоматически]
grub-pc/stable,stable-security,now 2.06-13+deb12u1 amd64 [установлен]
grub2-common/stable,stable-security,now 2.06-13+deb12u1 amd64 [установлен, автоматически]
gzip/stable,now 1.12-1 amd64 [установлен]
hostname/stable,now 3.23+nmu1 amd64 [установлен]
ibverbs-providers/stable,now 44.0-2 amd64 [установлен, автоматически]
icu-devtools/stable,now 72.1-3 amd64 [установлен, автоматически]
ifupdown/stable,now 0.8.41 amd64 [установлен]
inetutils-telnet/stable,now 2:2.4-2+deb12u1 amd64 [установлен]
init-system-helpers/stable,now 1.65.2 all [установлен]
init/stable,now 1.65.2 amd64 [установлен]
initramfs-tools-core/stable,now 0.142+deb12u1 all [установлен, автоматически]
initramfs-tools/stable,now 0.142+deb12u1 all [установлен]
installation-report/stable,now 2.89 all [установлен]
iproute2/stable,now 6.1.0-3 amd64 [установлен]
iputils-ping/stable,now 3:20221126-1+deb12u1 amd64 [установлен]
irussian/stable,now 0.99g5-29 all [установлен, автоматически]
isc-dhcp-client/stable,now 4.4.3-P1-2 amd64 [установлен]
isc-dhcp-common/stable,now 4.4.3-P1-2 amd64 [установлен]
iso-codes/stable,now 4.15.0-1 all [установлен, автоматически]
ispell/stable,now 3.4.05-1 amd64 [установлен, автоматически]
iw/stable,now 5.19-1 amd64 [установлен, автоматически]
javascript-common/stable,now 11+nmu1 all [установлен, автоматически]
kbd/stable,now 2.5.1-1+b1 amd64 [установлен, автоматически]
keyboard-configuration/stable,now 1.221 all [установлен]
klibc-utils/stable,now 2.0.12-1 amd64 [установлен, автоматически]
kmod/stable,now 30+20221128-1 amd64 [установлен]
konwert-filters/stable,now 1.8-13.2 all [установлен, автоматически]
konwert/stable,now 1.8-13.2 amd64 [установлен, автоматически]
krb5-locales/stable,stable-security,now 1.20.1-2+deb12u2 all [установлен]
laptop-detect/stable,now 0.16 all [установлен]
less/stable,stable-security,now 590-2.1~deb12u2 amd64 [установлен]
libabsl20220623/stable,now 20220623.1-1 amd64 [установлен, автоматически]
libacl1/stable,now 2.3.1-3 amd64 [установлен]
libalgorithm-diff-perl/stable,now 1.201-1 all [установлен, автоматически]
libalgorithm-diff-xs-perl/stable,now 0.04-8+b1 amd64 [установлен, автоматически]
libalgorithm-merge-perl/stable,now 0.08-5 all [установлен, автоматически]
libaom3/stable,stable-security,now 3.6.0-1+deb12u1 amd64 [установлен, автоматически]
libapparmor1/stable,now 3.0.8-3 amd64 [установлен]
libapt-pkg6.0/stable,now 2.6.1 amd64 [установлен]
libargon2-1/stable,now 0~20171227-0.3+deb12u1 amd64 [установлен]
libasan8/stable,now 12.2.0-14 amd64 [установлен, автоматически]
libasound2-data/stable,now 1.2.8-1 all [установлен, автоматически]
libasound2/stable,now 1.2.8-1+b1 amd64 [установлен, автоматически]
libaspell15/stable,now 0.60.8-4+b1 amd64 [установлен, автоматически]
libassuan0/stable,now 2.5.5-5 amd64 [установлен, автоматически]
libatomic1/stable,now 12.2.0-14 amd64 [установлен, автоматически]
libattr1/stable,now 1:2.5.1-4 amd64 [установлен]
libaudit-common/stable,now 1:3.0.9-1 all [установлен]
libaudit1/stable,now 1:3.0.9-1 amd64 [установлен]
libavif15/stable,now 0.11.1-1 amd64 [установлен, автоматически]
libbinutils/stable,now 2.40-2 amd64 [установлен, автоматически]
libblkid1/stable,now 2.38.1-5+deb12u3 amd64 [установлен]
libboost-all-dev/stable,now 1.74.0.3 amd64 [установлен]
libboost-atomic-dev/stable,now 1.74.0.3 amd64 [установлен, автоматически]
libboost-atomic1.74-dev/stable,now 1.74.0+ds1-21 amd64 [установлен, автоматически]
libboost-atomic1.74.0/stable,now 1.74.0+ds1-21 amd64 [установлен, автоматически]
libboost-chrono-dev/stable,now 1.74.0.3 amd64 [установлен, автоматически]
libboost-chrono1.74-dev/stable,now 1.74.0+ds1-21 amd64 [установлен, автоматически]
libboost-chrono1.74.0/stable,now 1.74.0+ds1-21 amd64 [установлен, автоматически]
libboost-container-dev/stable,now 1.74.0.3 amd64 [установлен, автоматически]
libboost-container1.74-dev/stable,now 1.74.0+ds1-21 amd64 [установлен, автоматически]
libboost-container1.74.0/stable,now 1.74.0+ds1-21 amd64 [установлен, автоматически]
libboost-context-dev/stable,now 1.74.0.3 amd64 [установлен, автоматически]
libboost-context1.74-dev/stable,now 1.74.0+ds1-21 amd64 [установлен, автоматически]
libboost-context1.74.0/stable,now 1.74.0+ds1-21 amd64 [установлен, автоматически]
libboost-coroutine-dev/stable,now 1.74.0.3 amd64 [установлен, автоматически]
libboost-coroutine1.74-dev/stable,now 1.74.0+ds1-21 amd64 [установлен, автоматически]
libboost-coroutine1.74.0/stable,now 1.74.0+ds1-21 amd64 [установлен, автоматически]
libboost-date-time-dev/stable,now 1.74.0.3 amd64 [установлен, автоматически]
libboost-date-time1.74-dev/stable,now 1.74.0+ds1-21 amd64 [установлен, автоматически]
libboost-date-time1.74.0/stable,now 1.74.0+ds1-21 amd64 [установлен, автоматически]
libboost-dev/stable,now 1.74.0.3 amd64 [установлен, автоматически]
libboost-exception-dev/stable,now 1.74.0.3 amd64 [установлен, автоматически]
libboost-exception1.74-dev/stable,now 1.74.0+ds1-21 amd64 [установлен, автоматически]
libboost-fiber-dev/stable,now 1.74.0.3 amd64 [установлен, автоматически]
libboost-fiber1.74-dev/stable,now 1.74.0+ds1-21 amd64 [установлен, автоматически]
libboost-fiber1.74.0/stable,now 1.74.0+ds1-21 amd64 [установлен, автоматически]
libboost-filesystem-dev/stable,now 1.74.0.3 amd64 [установлен, автоматически]
libboost-filesystem1.74-dev/stable,now 1.74.0+ds1-21 amd64 [установлен, автоматически]
libboost-filesystem1.74.0/stable,now 1.74.0+ds1-21 amd64 [установлен, автоматически]
libboost-graph-dev/stable,now 1.74.0.3 amd64 [установлен, автоматически]
libboost-graph-parallel-dev/stable,now 1.74.0.3 amd64 [установлен, автоматически]
libboost-graph-parallel1.74-dev/stable,now 1.74.0+ds1-21 amd64 [установлен, автоматически]
libboost-graph-parallel1.74.0/stable,now 1.74.0+ds1-21 amd64 [установлен, автоматически]
libboost-graph1.74-dev/stable,now 1.74.0+ds1-21 amd64 [установлен, автоматически]
libboost-graph1.74.0/stable,now 1.74.0+ds1-21 amd64 [установлен, автоматически]
libboost-iostreams-dev/stable,now 1.74.0.3 amd64 [установлен, автоматически]
libboost-iostreams1.74-dev/stable,now 1.74.0+ds1-21 amd64 [установлен, автоматически]
libboost-iostreams1.74.0/stable,now 1.74.0+ds1-21 amd64 [установлен, автоматически]
libboost-locale-dev/stable,now 1.74.0.3 amd64 [установлен, автоматически]
libboost-locale1.74-dev/stable,now 1.74.0+ds1-21 amd64 [установлен, автоматически]
libboost-locale1.74.0/stable,now 1.74.0+ds1-21 amd64 [установлен, автоматически]
libboost-log-dev/stable,now 1.74.0.3 amd64 [установлен, автоматически]
libboost-log1.74-dev/stable,now 1.74.0+ds1-21 amd64 [установлен, автоматически]
libboost-log1.74.0/stable,now 1.74.0+ds1-21 amd64 [установлен, автоматически]
libboost-math-dev/stable,now 1.74.0.3 amd64 [установлен, автоматически]
libboost-math1.74-dev/stable,now 1.74.0+ds1-21 amd64 [установлен, автоматически]
libboost-math1.74.0/stable,now 1.74.0+ds1-21 amd64 [установлен, автоматически]
libboost-mpi-dev/stable,now 1.74.0.3 amd64 [установлен, автоматически]
libboost-mpi-python-dev/stable,now 1.74.0.3 amd64 [установлен, автоматически]
libboost-mpi-python1.74-dev/stable,now 1.74.0+ds1-21 amd64 [установлен, автоматически]
libboost-mpi-python1.74.0/stable,now 1.74.0+ds1-21 amd64 [установлен, автоматически]
libboost-mpi1.74-dev/stable,now 1.74.0+ds1-21 amd64 [установлен, автоматически]
libboost-mpi1.74.0/stable,now 1.74.0+ds1-21 amd64 [установлен, автоматически]
libboost-nowide-dev/stable,now 1.74.0.3 amd64 [установлен, автоматически]
libboost-nowide1.74-dev/stable,now 1.74.0+ds1-21 amd64 [установлен, автоматически]
libboost-nowide1.74.0/stable,now 1.74.0+ds1-21 amd64 [установлен, автоматически]
libboost-numpy-dev/stable,now 1.74.0.3 amd64 [установлен, автоматически]
libboost-numpy1.74-dev/stable,now 1.74.0+ds1-21 amd64 [установлен, автоматически]
libboost-numpy1.74.0/stable,now 1.74.0+ds1-21 amd64 [установлен, автоматически]
libboost-program-options-dev/stable,now 1.74.0.3 amd64 [установлен, автоматически]
libboost-program-options1.74-dev/stable,now 1.74.0+ds1-21 amd64 [установлен, автоматически]
libboost-program-options1.74.0/stable,now 1.74.0+ds1-21 amd64 [установлен, автоматически]
libboost-python-dev/stable,now 1.74.0.3 amd64 [установлен, автоматически]
libboost-python1.74-dev/stable,now 1.74.0+ds1-21 amd64 [установлен, автоматически]
libboost-python1.74.0/stable,now 1.74.0+ds1-21 amd64 [установлен, автоматически]
libboost-random-dev/stable,now 1.74.0.3 amd64 [установлен, автоматически]
libboost-random1.74-dev/stable,now 1.74.0+ds1-21 amd64 [установлен, автоматически]
libboost-random1.74.0/stable,now 1.74.0+ds1-21 amd64 [установлен, автоматически]
libboost-regex-dev/stable,now 1.74.0.3 amd64 [установлен, автоматически]
libboost-regex1.74-dev/stable,now 1.74.0+ds1-21 amd64 [установлен, автоматически]
libboost-regex1.74.0/stable,now 1.74.0+ds1-21 amd64 [установлен, автоматически]
libboost-serialization-dev/stable,now 1.74.0.3 amd64 [установлен, автоматически]
libboost-serialization1.74-dev/stable,now 1.74.0+ds1-21 amd64 [установлен, автоматически]
libboost-serialization1.74.0/stable,now 1.74.0+ds1-21 amd64 [установлен, автоматически]
libboost-stacktrace-dev/stable,now 1.74.0.3 amd64 [установлен, автоматически]
libboost-stacktrace1.74-dev/stable,now 1.74.0+ds1-21 amd64 [установлен, автоматически]
libboost-stacktrace1.74.0/stable,now 1.74.0+ds1-21 amd64 [установлен, автоматически]
libboost-system-dev/stable,now 1.74.0.3 amd64 [установлен, автоматически]
libboost-system1.74-dev/stable,now 1.74.0+ds1-21 amd64 [установлен, автоматически]
libboost-system1.74.0/stable,now 1.74.0+ds1-21 amd64 [установлен, автоматически]
libboost-test-dev/stable,now 1.74.0.3 amd64 [установлен, автоматически]
libboost-test1.74-dev/stable,now 1.74.0+ds1-21 amd64 [установлен, автоматически]
libboost-test1.74.0/stable,now 1.74.0+ds1-21 amd64 [установлен, автоматически]
libboost-thread-dev/stable,now 1.74.0.3 amd64 [установлен, автоматически]
libboost-thread1.74-dev/stable,now 1.74.0+ds1-21 amd64 [установлен, автоматически]
libboost-thread1.74.0/stable,now 1.74.0+ds1-21 amd64 [установлен, автоматически]
libboost-timer-dev/stable,now 1.74.0.3 amd64 [установлен, автоматически]
libboost-timer1.74-dev/stable,now 1.74.0+ds1-21 amd64 [установлен, автоматически]
libboost-timer1.74.0/stable,now 1.74.0+ds1-21 amd64 [установлен, автоматически]
libboost-tools-dev/stable,now 1.74.0.3 amd64 [установлен, автоматически]
libboost-type-erasure-dev/stable,now 1.74.0.3 amd64 [установлен, автоматически]
libboost-type-erasure1.74-dev/stable,now 1.74.0+ds1-21 amd64 [установлен, автоматически]
libboost-type-erasure1.74.0/stable,now 1.74.0+ds1-21 amd64 [установлен, автоматически]
libboost-wave-dev/stable,now 1.74.0.3 amd64 [установлен, автоматически]
libboost-wave1.74-dev/stable,now 1.74.0+ds1-21 amd64 [установлен, автоматически]
libboost-wave1.74.0/stable,now 1.74.0+ds1-21 amd64 [установлен, автоматически]
libboost1.74-dev/stable,now 1.74.0+ds1-21 amd64 [установлен, автоматически]
libboost1.74-tools-dev/stable,now 1.74.0+ds1-21 amd64 [установлен, автоматически]
libbpf1/stable,now 1:1.1.0-1 amd64 [установлен]
libbrotli1/stable,now 1.0.9-2+b6 amd64 [установлен, автоматически]
libbsd0/stable,now 0.11.7-2 amd64 [установлен]
libbz2-1.0/stable,now 1.0.8-5+b1 amd64 [установлен]
libc-bin/stable,now 2.36-9+deb12u9 amd64 [установлен]
libc-dev-bin/stable,now 2.36-9+deb12u9 amd64 [установлен, автоматически]
libc-devtools/stable,now 2.36-9+deb12u9 amd64 [установлен, автоматически]
libc-l10n/stable,now 2.36-9+deb12u9 all [установлен, автоматически]
libc6-dev/stable,now 2.36-9+deb12u9 amd64 [установлен, автоматически]
libc6/stable,now 2.36-9+deb12u9 amd64 [установлен]
libcaf-openmpi-3/stable,now 2.10.1-1+b1 amd64 [установлен, автоматически]
libcap-ng0/stable,now 0.8.3-1+b3 amd64 [установлен]
libcap2-bin/stable,now 1:2.66-4 amd64 [установлен]
libcap2/stable,now 1:2.66-4 amd64 [установлен]
libcbor0.8/stable,now 0.8.0-2+b1 amd64 [установлен, автоматически]
libcc1-0/stable,now 12.2.0-14 amd64 [установлен, автоматически]
libcoarrays-dev/stable,now 2.10.1-1+b1 amd64 [установлен, автоматически]
libcoarrays-openmpi-dev/stable,now 2.10.1-1+b1 amd64 [установлен, автоматически]
libcom-err2/stable,now 1.47.0-2 amd64 [установлен]
libcrypt-dev/stable,now 1:4.4.33-2 amd64 [установлен, автоматически]
libcrypt1/stable,now 1:4.4.33-2 amd64 [установлен]
libcryptsetup12/stable,now 2:2.6.1-4~deb12u2 amd64 [установлен]
libctf-nobfd0/stable,now 2.40-2 amd64 [установлен, автоматически]
libctf0/stable,now 2.40-2 amd64 [установлен, автоматически]
libcurl3-gnutls/stable,now 7.88.1-10+deb12u8 amd64 [установлен, автоматически]
libdaemon0/stable,now 0.14-7.1 amd64 [установлен, автоматически]
libdav1d6/stable,stable-security,now 1.0.0-2+deb12u1 amd64 [установлен, автоматически]
libdb5.3/stable,now 5.3.28+dfsg2-1 amd64 [установлен]
libdbus-1-3/stable,now 1.14.10-1~deb12u1 amd64 [установлен, автоматически]
libde265-0/stable,now 1.0.11-1+deb12u2 amd64 [установлен, автоматически]
libdebconfclient0/stable,now 0.270 amd64 [установлен]
libdeflate0/stable,now 1.14-1 amd64 [установлен, автоматически]
libdevmapper1.02.1/stable,now 2:1.02.185-2 amd64 [установлен]
libdiscover2/stable,now 2.1.2-10 amd64 [установлен, автоматически]
libdpkg-perl/stable,now 1.21.22 all [установлен, автоматически]
libdw1/stable,now 0.188-2.1 amd64 [установлен, автоматически]
libedit2/stable,now 3.1-20221030-2 amd64 [установлен]
libefiboot1/stable,now 37-6 amd64 [установлен, автоматически]
libefivar1/stable,now 37-6 amd64 [установлен, автоматически]
libelf1/stable,now 0.188-2.1 amd64 [установлен]
liberror-perl/stable,now 0.17029-2 all [установлен, автоматически]
libevent-2.1-7/stable,now 2.1.12-stable-8 amd64 [установлен, автоматически]
libevent-core-2.1-7/stable,now 2.1.12-stable-8 amd64 [установлен, автоматически]
libevent-dev/stable,now 2.1.12-stable-8 amd64 [установлен, автоматически]
libevent-extra-2.1-7/stable,now 2.1.12-stable-8 amd64 [установлен, автоматически]
libevent-openssl-2.1-7/stable,now 2.1.12-stable-8 amd64 [установлен, автоматически]
libevent-pthreads-2.1-7/stable,now 2.1.12-stable-8 amd64 [установлен, автоматически]
libexpat1-dev/stable,stable-security,now 2.5.0-1+deb12u1 amd64 [установлен, автоматически]
libexpat1/stable,stable-security,now 2.5.0-1+deb12u1 amd64 [установлен, автоматически]
libext2fs2/stable,now 1.47.0-2 amd64 [установлен]
libfabric1/stable,now 1.17.0-3 amd64 [установлен, автоматически]
libfakeroot/stable,now 1.31-1.2 amd64 [установлен, автоматически]
libfdisk1/stable,now 2.38.1-5+deb12u3 amd64 [установлен]
libffi8/stable,now 3.4.4-1 amd64 [установлен]
libfido2-1/stable,now 1.12.0-2+b1 amd64 [установлен, автоматически]
libfile-fcntllock-perl/stable,now 0.22-4+b1 amd64 [установлен, автоматически]
libfontconfig1/stable,now 2.14.1-4 amd64 [установлен, автоматически]
libfreetype6/stable,now 2.12.1+dfsg-5+deb12u3 amd64 [установлен, автоматически]
libfstrm0/stable,now 0.6.1-1 amd64 [установлен, автоматически]
libfuse2/stable,now 2.9.9-6+b1 amd64 [установлен, автоматически]
libgav1-1/stable,now 0.18.0-1+b1 amd64 [установлен, автоматически]
libgcc-12-dev/stable,now 12.2.0-14 amd64 [установлен, автоматически]
libgcc-s1/stable,now 12.2.0-14 amd64 [установлен]
libgcrypt20/stable,now 1.10.1-3 amd64 [установлен]
libgd3/stable,now 2.3.3-9 amd64 [установлен, автоматически]
libgdbm-compat4/stable,now 1.23-3 amd64 [установлен, автоматически]
libgdbm6/stable,now 1.23-3 amd64 [установлен, автоматически]
libgfortran-12-dev/stable,now 12.2.0-14 amd64 [установлен, автоматически]
libgfortran5/stable,now 12.2.0-14 amd64 [установлен, автоматически]
libglib2.0-0/stable,now 2.74.6-2+deb12u5 amd64 [установлен, автоматически]
libglib2.0-data/stable,now 2.74.6-2+deb12u5 all [установлен, автоматически]
libgmp10/stable,now 2:6.2.1+dfsg1-1.1 amd64 [установлен]
libgnutls30/stable-security,now 3.7.9-2+deb12u4 amd64 [установлен]
libgomp1/stable,now 12.2.0-14 amd64 [установлен, автоматически]
libgpg-error0/stable,now 1.46-1 amd64 [установлен]
libgpm2/stable,now 1.20.7-10+b1 amd64 [установлен, автоматически]
libgprofng0/stable,now 2.40-2 amd64 [установлен, автоматически]
libgssapi-krb5-2/stable,stable-security,now 1.20.1-2+deb12u2 amd64 [установлен]
libheif1/stable,stable-security,now 1.15.1-1+deb12u1 amd64 [установлен, автоматически]
libhogweed6/stable,now 3.8.1-2 amd64 [установлен]
libhwloc-dev/stable,now 2.9.0-1 amd64 [установлен, автоматически]
libhwloc-plugins/stable,now 2.9.0-1 amd64 [установлен, автоматически]
libhwloc15/stable,now 2.9.0-1 amd64 [установлен, автоматически]
libibverbs-dev/stable,now 44.0-2 amd64 [установлен, автоматически]
libibverbs1/stable,now 44.0-2 amd64 [установлен, автоматически]
libicu-dev/stable,now 72.1-3 amd64 [установлен, автоматически]
libicu72/stable,now 72.1-3 amd64 [установлен, автоматически]
libidn2-0/stable,now 2.3.3-1+b1 amd64 [установлен]
libip4tc2/stable,now 1.8.9-2 amd64 [установлен]
libisl23/stable,now 0.25-1.1 amd64 [установлен, автоматически]
libitm1/stable,now 12.2.0-14 amd64 [установлен, автоматически]
libiw30/stable,now 30~pre9-14 amd64 [установлен, автоматически]
libjansson4/stable,now 2.14-2 amd64 [установлен]
libjbig0/stable,now 2.1-6.1 amd64 [установлен, автоматически]
libjemalloc2/stable,now 5.3.0-1 amd64 [установлен, автоматически]
libjpeg62-turbo/stable,now 1:2.1.5-2 amd64 [установлен, автоматически]
libjs-jquery-ui/stable,now 1.13.2+dfsg-1 all [установлен, автоматически]
libjs-jquery/stable,now 3.6.1+dfsg+~3.5.14-1 all [установлен, автоматически]
libjs-sphinxdoc/stable,now 5.3.0-4 all [установлен, автоматически]
libjs-underscore/stable,now 1.13.4~dfsg+~1.11.4-3 all [установлен, автоматически]
libjson-c5/stable,now 0.16-2 amd64 [установлен]
libk5crypto3/stable,stable-security,now 1.20.1-2+deb12u2 amd64 [установлен]
libkeyutils1/stable,now 1.6.3-2 amd64 [установлен]
libklibc/stable,now 2.0.12-1 amd64 [установлен, автоматически]
libkmod2/stable,now 30+20221128-1 amd64 [установлен]
libkrb5-3/stable,stable-security,now 1.20.1-2+deb12u2 amd64 [установлен]
libkrb5support0/stable,stable-security,now 1.20.1-2+deb12u2 amd64 [установлен]
libksba8/stable,now 1.6.3-2 amd64 [установлен, автоматически]
libldap-2.5-0/stable,now 2.5.13+dfsg-5 amd64 [установлен, автоматически]
libldap-common/stable,now 2.5.13+dfsg-5 all [установлен, автоматически]
liblerc4/stable,now 4.0.0+ds-2 amd64 [установлен, автоматически]
liblmdb0/stable,now 0.9.24-1 amd64 [установлен, автоматически]
liblocale-gettext-perl/stable,now 1.07-5 amd64 [установлен]
liblockfile-bin/stable,now 1.17-1+b1 amd64 [установлен]
liblsan0/stable,now 12.2.0-14 amd64 [установлен, автоматически]
libltdl-dev/stable,now 2.4.7-7~deb12u1 amd64 [установлен, автоматически]
libltdl7/stable,now 2.4.7-7~deb12u1 amd64 [установлен, автоматически]
liblz4-1/stable,now 1.9.4-1 amd64 [установлен]
liblzma5/stable,now 5.4.1-0.2 amd64 [установлен]
libmagic-mgc/stable,now 1:5.44-3 amd64 [установлен, автоматически]
libmagic1/stable,now 1:5.44-3 amd64 [установлен, автоматически]
libmaxminddb0/stable,now 1.7.1-1 amd64 [установлен, автоматически]
libmd0/stable,now 1.0.4-2 amd64 [установлен]
libmnl0/stable,now 1.0.4-3 amd64 [установлен]
libmount1/stable,now 2.38.1-5+deb12u3 amd64 [установлен]
libmpc3/stable,now 1.3.1-1 amd64 [установлен, автоматически]
libmpfr6/stable,now 4.2.0-1 amd64 [установлен, автоматически]
libmunge2/stable,now 0.5.15-2 amd64 [установлен, автоматически]
libncurses-dev/stable,now 6.4-4 amd64 [установлен, автоматически]
libncurses5-dev/stable,now 6.4-4 amd64 [установлен]
libncurses6/stable,now 6.4-4 amd64 [установлен, автоматически]
libncursesw5-dev/stable,now 6.4-4 amd64 [установлен]
libncursesw6/stable,now 6.4-4 amd64 [установлен]
libnettle8/stable,now 3.8.1-2 amd64 [установлен]
libnewt0.52/stable,now 0.52.23-1+b1 amd64 [установлен]
libnftables1/stable,now 1.0.6-2+deb12u2 amd64 [установлен]
libnftnl11/stable,now 1.2.4-2 amd64 [установлен]
libnghttp2-14/stable,now 1.52.0-1+deb12u2 amd64 [установлен, автоматически]
libnl-3-200/stable,now 3.7.0-0.2+b1 amd64 [установлен, автоматически]
libnl-3-dev/stable,now 3.7.0-0.2+b1 amd64 [установлен, автоматически]
libnl-genl-3-200/stable,now 3.7.0-0.2+b1 amd64 [установлен, автоматически]
libnl-route-3-200/stable,now 3.7.0-0.2+b1 amd64 [установлен, автоматически]
libnl-route-3-dev/stable,now 3.7.0-0.2+b1 amd64 [установлен, автоматически]
libnpth0/stable,now 1.6-3 amd64 [установлен, автоматически]
libnsl-dev/stable,now 1.3.0-2 amd64 [установлен, автоматически]
libnsl2/stable,now 1.3.0-2 amd64 [установлен, автоматически]
libnss-systemd/stable,now 252.33-1~deb12u1 amd64 [установлен]
libnuma-dev/stable,now 2.0.16-1 amd64 [установлен, автоматически]
libnuma1/stable,now 2.0.16-1 amd64 [установлен, автоматически]
libopenmpi-dev/stable,now 4.1.4-3+b1 amd64 [установлен, автоматически]
libopenmpi3/stable,now 4.1.4-3+b1 amd64 [установлен, автоматически]
libp11-kit0/stable,now 0.24.1-2 amd64 [установлен]
libpam-modules-bin/stable,now 1.5.2-6+deb12u1 amd64 [установлен]
libpam-modules/stable,now 1.5.2-6+deb12u1 amd64 [установлен]
libpam-runtime/stable,now 1.5.2-6+deb12u1 all [установлен]
libpam-systemd/stable,now 252.33-1~deb12u1 amd64 [установлен]
libpam0g/stable,now 1.5.2-6+deb12u1 amd64 [установлен]
libpci3/stable,now 1:3.9.0-4 amd64 [установлен, автоматически]
libpciaccess0/stable,now 0.17-2 amd64 [установлен, автоматически]
libpcre2-8-0/stable,now 10.42-1 amd64 [установлен]
libpcsclite1/stable,now 1.9.9-2 amd64 [установлен, автоматически]
libperl5.36/stable,now 5.36.0-7+deb12u1 amd64 [установлен, автоматически]
libpipeline1/stable,now 1.5.7-1 amd64 [установлен, автоматически]
libpmix-dev/stable,stable-security,now 4.2.2-1+deb12u1 amd64 [установлен, автоматически]
libpmix2/stable,stable-security,now 4.2.2-1+deb12u1 amd64 [установлен, автоматически]
libpng16-16/stable,now 1.6.39-2 amd64 [установлен, автоматически]
libpopt0/stable,now 1.19+dfsg-1 amd64 [установлен]
libproc2-0/stable,now 2:4.0.2-3 amd64 [установлен]
libprotobuf-c1/stable,now 1.4.1-1+b1 amd64 [установлен, автоматически]
libpsl5/stable,now 0.21.2-1 amd64 [установлен, автоматически]
libpsm-infinipath1/stable,now 3.3+20.604758e7-6.2 amd64 [установлен, автоматически]
libpsm2-2/stable,now 11.2.185-2 amd64 [установлен, автоматически]
libpython3-dev/stable,now 3.11.2-1+b1 amd64 [установлен, автоматически]
libpython3-stdlib/stable,now 3.11.2-1+b1 amd64 [установлен, автоматически]
libpython3.11-dev/stable,now 3.11.2-6+deb12u5 amd64 [установлен, автоматически]
libpython3.11-minimal/stable,now 3.11.2-6+deb12u5 amd64 [установлен, автоматически]
libpython3.11-stdlib/stable,now 3.11.2-6+deb12u5 amd64 [установлен, автоматически]
libpython3.11/stable,now 3.11.2-6+deb12u5 amd64 [установлен, автоматически]
libquadmath0/stable,now 12.2.0-14 amd64 [установлен, автоматически]
librav1e0/stable,now 0.5.1-6 amd64 [установлен, автоматически]
librdmacm1/stable,now 44.0-2 amd64 [установлен, автоматически]
libreadline8/stable,now 8.2-1.3 amd64 [установлен]
librtmp1/stable,now 2.4+20151223.gitfa8646d.1-2+b2 amd64 [установлен, автоматически]
libsasl2-2/stable,now 2.1.28+dfsg-10 amd64 [установлен, автоматически]
libsasl2-modules-db/stable,now 2.1.28+dfsg-10 amd64 [установлен, автоматически]
libsasl2-modules/stable,now 2.1.28+dfsg-10 amd64 [установлен, автоматически]
libseccomp2/stable,now 2.5.4-1+deb12u1 amd64 [установлен]
libselinux1/stable,now 3.4-1+b6 amd64 [установлен]
libsemanage-common/stable,now 3.4-1 all [установлен]
libsemanage2/stable,now 3.4-1+b5 amd64 [установлен]
libsepol2/stable,now 3.4-2.1 amd64 [установлен]
libslang2/stable,now 2.3.3-3 amd64 [установлен]
libsmartcols1/stable,now 2.38.1-5+deb12u3 amd64 [установлен]
libsqlite3-0/stable,now 3.40.1-2+deb12u1 amd64 [установлен, автоматически]
libss2/stable,now 1.47.0-2 amd64 [установлен]
libssh2-1/stable,now 1.10.0-3+b1 amd64 [установлен, автоматически]
libssl3/stable,now 3.0.15-1~deb12u1 amd64 [установлен]
libstdc++-12-dev/stable,now 12.2.0-14 amd64 [установлен, автоматически]
libstdc++6/stable,now 12.2.0-14 amd64 [установлен]
libsvtav1enc1/stable,now 1.4.1+dfsg-1 amd64 [установлен, автоматически]
libsystemd-shared/stable,now 252.33-1~deb12u1 amd64 [установлен]
libsystemd0/stable,now 252.33-1~deb12u1 amd64 [установлен]
libtasn1-6/stable-security,now 4.19.0-2+deb12u1 amd64 [установлен]
libtext-charwidth-perl/stable,now 0.04-11 amd64 [установлен]
libtext-iconv-perl/stable,now 1.7-8 amd64 [установлен]
libtext-wrapi18n-perl/stable,now 0.06-10 all [установлен]
libtiff6/stable,now 4.5.0-6+deb12u2 amd64 [установлен, автоматически]
libtinfo6/stable,now 6.4-4 amd64 [установлен]
libtirpc-common/stable,now 1.3.3+ds-1 all [установлен]
libtirpc-dev/stable,now 1.3.3+ds-1 amd64 [установлен, автоматически]
libtirpc3/stable,now 1.3.3+ds-1 amd64 [установлен]
libtool/stable,now 2.4.7-7~deb12u1 all [установлен, автоматически]
libtsan2/stable,now 12.2.0-14 amd64 [установлен, автоматически]
libubsan1/stable,now 12.2.0-14 amd64 [установлен, автоматически]
libuchardet0/stable,now 0.0.7-1 amd64 [установлен, автоматически]
libucx0/stable,now 1.13.1-1 amd64 [установлен, автоматически]
libudev1/stable,now 252.33-1~deb12u1 amd64 [установлен]
libunistring2/stable,now 1.0-2 amd64 [установлен]
libusb-1.0-0/stable,now 2:1.0.26-1 amd64 [установлен, автоматически]
libuuid1/stable,now 2.38.1-5+deb12u3 amd64 [установлен]
libuv1/stable,stable-security,now 1.44.2-1+deb12u1 amd64 [установлен, автоматически]
libwebp7/stable,stable-security,now 1.2.4-0.2+deb12u1 amd64 [установлен, автоматически]
libwrap0/stable,now 7.6.q-32 amd64 [установлен, автоматически]
libx11-6/stable,stable-security,now 2:1.8.4-2+deb12u2 amd64 [установлен, автоматически]
libx11-data/stable,stable-security,now 2:1.8.4-2+deb12u2 all [установлен, автоматически]
libx265-199/stable,now 3.5-2+b1 amd64 [установлен, автоматически]
libxau6/stable,now 1:1.0.9-1 amd64 [установлен, автоматически]
libxcb1/stable,now 1.15-1 amd64 [установлен, автоматически]
libxdmcp6/stable,now 1:1.1.2-3 amd64 [установлен, автоматически]
libxext6/stable,now 2:1.3.4-1+b1 amd64 [установлен, автоматически]
libxml2/stable,now 2.9.14+dfsg-1.3~deb12u1 amd64 [установлен, автоматически]
libxmuu1/stable,now 2:1.1.3-3 amd64 [установлен, автоматически]
libxnvctrl0/stable,now 525.85.05-3~deb12u1 amd64 [установлен, автоматически]
libxpm4/stable,stable-security,now 1:3.5.12-1.1+deb12u1 amd64 [установлен, автоматически]
libxtables12/stable,now 1.8.9-2 amd64 [установлен]
libxxhash0/stable,now 0.8.1-1 amd64 [установлен]
libyuv0/stable,now 0.0~git20230123.b2528b0-1 amd64 [установлен, автоматически]
libzstd1/stable,now 1.5.4+dfsg2-5 amd64 [установлен]
linux-base/stable,now 4.9 all [установлен, автоматически]
linux-image-6.1.0-25-amd64/now 6.1.106-3 amd64 [установлен, локальный]
linux-image-6.1.0-31-amd64/stable-security,now 6.1.128-1 amd64 [установлен, автоматически]
linux-image-amd64/stable-security,now 6.1.128-1 amd64 [установлен]
linux-libc-dev/stable-security,now 6.1.128-1 amd64 [установлен, автоматически]
locales/stable,now 2.36-9+deb12u9 all [установлен]
login/stable,now 1:4.13+dfsg1-1+b1 amd64 [установлен]
logrotate/stable,now 3.21.0-1 amd64 [установлен]
logsave/stable,now 1.47.0-2 amd64 [установлен]
lsb-release/stable,now 12.0-1 all [установлен, автоматически]
lsof/stable,now 4.95.0-1 amd64 [установлен]
m4/stable,now 1.4.19-3 amd64 [установлен, автоматически]
mailcap/stable,now 3.70+nmu1 all [установлен, автоматически]
make/stable,now 4.3-4.1 amd64 [установлен, автоматически]
man-db/stable,now 2.11.2-2 amd64 [установлен]
manpages-dev/stable,now 6.03-2 all [установлен, автоматически]
manpages/stable,now 6.03-2 all [установлен]
mawk/stable,now 1.3.4.20200120-3.1 amd64 [установлен]
mc-data/stable,now 3:4.8.29-2 all [установлен, автоматически]
mc/stable,now 3:4.8.29-2 amd64 [установлен]
media-types/stable,now 10.0.0 all [установлен]
mime-support/stable,now 3.66 all [установлен]
mount/stable,now 2.38.1-5+deb12u3 amd64 [установлен]
mpi-default-bin/stable,now 1.14 amd64 [установлен, автоматически]
mpi-default-dev/stable,now 1.14 amd64 [установлен, автоматически]
mueller7-dict/stable,now 2002.02.27-13 all [установлен, автоматически]
nano/stable,now 7.2-1+deb12u1 amd64 [установлен]
ncurses-base/stable,now 6.4-4 all [установлен]
ncurses-bin/stable,now 6.4-4 amd64 [установлен]
ncurses-term/stable,now 6.4-4 all [установлен]
netbase/stable,now 6.4 all [установлен]
netcat-traditional/stable,now 1.10-47 amd64 [установлен]
nftables/stable,now 1.0.6-2+deb12u2 amd64 [установлен]
ocl-icd-libopencl1/stable,now 2.3.1-1 amd64 [установлен, автоматически]
openmpi-bin/stable,now 4.1.4-3+b1 amd64 [установлен, автоматически]
openmpi-common/stable,now 4.1.4-3 all [установлен, автоматически]
openssh-client/stable-security,now 1:9.2p1-2+deb12u5 amd64 [установлен]
openssh-server/stable-security,now 1:9.2p1-2+deb12u5 amd64 [установлен, автоматически]
openssh-sftp-server/stable-security,now 1:9.2p1-2+deb12u5 amd64 [установлен, автоматически]
openssl/stable,now 3.0.15-1~deb12u1 amd64 [установлен, автоматически]
os-prober/stable,now 1.81 amd64 [установлен]
passwd/stable,now 1:4.13+dfsg1-1+b1 amd64 [установлен]
patch/stable,now 2.7.6-7 amd64 [установлен, автоматически]
pci.ids/stable,now 0.0~2023.04.11-1 all [установлен, автоматически]
pciutils/stable,now 1:3.9.0-4 amd64 [установлен]
perl-base/stable,now 5.36.0-7+deb12u1 amd64 [установлен]
perl-modules-5.36/stable,now 5.36.0-7+deb12u1 all [установлен, автоматически]
perl/stable,now 5.36.0-7+deb12u1 amd64 [установлен]
pinentry-curses/stable,now 1.2.1-1 amd64 [установлен, автоматически]
powertop/stable,now 2.14-1+b2 amd64 [установлен, автоматически]
procps/stable,now 2:4.0.2-3 amd64 [установлен]
publicsuffix/stable,now 20230209.2326-1 all [установлен, автоматически]
python-apt-common/stable,now 2.6.0 all [установлен, автоматически]
python3-apt/stable,now 2.6.0 amd64 [установлен, автоматически]
python3-certifi/stable,now 2022.9.24-1 all [установлен, автоматически]
python3-chardet/stable,now 5.1.0+dfsg-2 all [установлен, автоматически]
python3-charset-normalizer/stable,now 3.0.1-2 all [установлен, автоматически]
python3-debconf/stable,now 1.5.82 all [установлен, автоматически]
python3-debian/stable,now 0.1.49 all [установлен, автоматически]
python3-debianbts/stable,now 4.0.1 all [установлен, автоматически]
python3-dev/stable,now 3.11.2-1+b1 amd64 [установлен, автоматически]
python3-distutils/stable,now 3.11.2-3 all [установлен, автоматически]
python3-httplib2/stable,now 0.20.4-3 all [установлен, автоматически]
python3-idna/stable,now 3.3-1+deb12u1 all [установлен, автоматически]
python3-lib2to3/stable,now 3.11.2-3 all [установлен, автоматически]
python3-minimal/stable,now 3.11.2-1+b1 amd64 [установлен, автоматически]
python3-pkg-resources/stable,now 66.1.1-1+deb12u1 all [установлен, автоматически]
python3-pycurl/stable,now 7.45.2-3 amd64 [установлен, автоматически]
python3-pyparsing/stable,now 3.0.9-1 all [установлен, автоматически]
python3-pysimplesoap/stable,now 1.16.2-5 all [установлен, автоматически]
python3-reportbug/stable,now 12.0.0 all [установлен]
python3-requests/stable,now 2.28.1+dfsg-1 all [установлен, автоматически]
python3-six/stable,now 1.16.0-4 all [установлен, автоматически]
python3-urllib3/stable,now 1.26.12-1+deb12u1 all [установлен, автоматически]
python3.11-dev/stable,now 3.11.2-6+deb12u5 amd64 [установлен, автоматически]
python3.11-minimal/stable,now 3.11.2-6+deb12u5 amd64 [установлен, автоматически]
python3.11/stable,now 3.11.2-6+deb12u5 amd64 [установлен, автоматически]
python3/stable,now 3.11.2-1+b1 amd64 [установлен, автоматически]
re/stable,now 0.1-7+b1 amd64 [установлен, автоматически]
readline-common/stable,now 8.2-1.3 all [установлен]
reportbug/stable,now 12.0.0 all [установлен]
rpcsvc-proto/stable,now 1.4.3-1 amd64 [установлен, автоматически]
runit-helper/stable,now 2.15.2 all [установлен, автоматически]
sed/stable,now 4.9-1 amd64 [установлен]
sensible-utils/stable,now 0.0.17+nmu1 all [установлен]
shared-mime-info/stable,now 2.2-1 amd64 [установлен, автоматически]
sudo/stable,now 1.9.13p3-1+deb12u1 amd64 [установлен]
systemd-sysv/stable,now 252.33-1~deb12u1 amd64 [установлен]
systemd-timesyncd/stable,now 252.33-1~deb12u1 amd64 [установлен]
systemd/stable,now 252.33-1~deb12u1 amd64 [установлен]
sysvinit-utils/stable,now 3.06-4 amd64 [установлен]
tar/stable,now 1.34+dfsg-1.2+deb12u1 amd64 [установлен]
task-cyrillic/stable,now 3.73 all [установлен]
task-laptop/stable,now 3.73 all [установлен]
task-russian/stable,now 3.73 all [установлен]
task-ssh-server/stable,now 3.73 all [установлен]
tasksel-data/stable,now 3.73 all [установлен]
tasksel/stable,now 3.73 all [установлен]
traceroute/stable,now 1:2.1.2-1 amd64 [установлен]
tzdata/stable,stable-updates,now 2024b-0+deb12u1 all [установлен]
ucf/stable,now 3.0043+nmu1+deb12u1 all [установлен]
udev/stable,now 252.33-1~deb12u1 amd64 [установлен]
unzip/stable,now 6.0-28 amd64 [установлен, автоматически]
usbutils/stable,now 1:014-1+deb12u1 amd64 [установлен]
usr-is-merged/stable,now 37~deb12u1 all [установлен]
util-linux-extra/stable,now 2.38.1-5+deb12u3 amd64 [установлен]
util-linux/stable,now 2.38.1-5+deb12u3 amd64 [установлен]
vim-common/stable,now 2:9.0.1378-2 all [установлен]
vim-tiny/stable,now 2:9.0.1378-2 amd64 [установлен]
wamerican/stable,now 2020.12.07-2 all [установлен]
wget/stable,now 1.21.3-1+b2 amd64 [установлен]
whiptail/stable,now 0.52.23-1+b1 amd64 [установлен]
wireless-regdb/stable,now 2022.06.06-1 all [установлен, автоматически]
wireless-tools/stable,now 30~pre9-14 amd64 [установлен, автоматически]
wpasupplicant/stable,stable-security,now 2:2.10-12+deb12u2 amd64 [установлен, автоматически]
xauth/stable,now 1:1.1.2-1 amd64 [установлен, автоматически]
xdg-user-dirs/stable,now 0.18-1 amd64 [установлен, автоматически]
xkb-data/stable,now 2.35.1-1 all [установлен, автоматически]
xz-utils/stable,now 5.4.1-0.2 amd64 [установлен]
zlib1g-dev/stable,now 1:1.2.13.dfsg-1 amd64 [установлен, автоматически]
zlib1g/stable,now 1:1.2.13.dfsg-1 amd64 [установлен]
zstd/stable,now 1.5.4+dfsg2-5 amd64 [установлен]
